#
# A fatal error has been detected by the Java Runtime Environment:
#
#  EXCEPTION_ACCESS_VIOLATION (0xc0000005) at pc=0xffffffffa3785120, pid=9108, tid=0x0000000000001bb8
#
# JRE version: Java(TM) SE Runtime Environment (8.0_111-b14) (build 1.8.0_111-b14)
# Java VM: Java HotSpot(TM) 64-Bit Server VM (25.111-b14 mixed mode windows-amd64 compressed oops)
# Problematic frame:
# C  0xffffffffa3785120
#
# Failed to write core dump. Minidumps are not enabled by default on client versions of Windows
#
# If you would like to submit a bug report, please visit:
#   http://bugreport.java.com/bugreport/crash.jsp
#

---------------  T H R E A D  ---------------

Current thread (0x00000000164f3000):  JavaThread "AWT-EventQueue-0" [_thread_in_Java, id=7096, stack(0x00000000169d0000,0x0000000016ad0000)]

siginfo: ExceptionCode=0xc0000005, ExceptionInformation=0x0000000000000008 0xffffffffa3785120

Registers:
RAX=0x00000000143ef220, RBX=0x00000000143ef220, RCX=0x00000000eaf4f918, RDX=0x00000000eaf4f918
RSP=0x0000000016acbb58, RBP=0x0000000016acbbb8, RSI=0x000000000000024e, RDI=0x0000000000000108
R8 =0x0000000000001860, R9 =0x00000000164aafc0, R10=0x000000005ce6c0c0, R11=0x000000000294ca40
R12=0x0000000000000000, R13=0x0000000016acbb68, R14=0x00000000149f3bd0, R15=0x00000000164f3000
RIP=0xffffffffa3785120, EFLAGS=0x0000000000010206

Top of Stack: (sp=0x0000000016acbb58)
0x0000000016acbb58:   00000000027877a0 00000000027877a0
0x0000000016acbb68:   0000000000001860 00000000eaf4f918
0x0000000016acbb78:   0000000016acbb78 00000000143f2b7a
0x0000000016acbb88:   0000000016acbbd0 00000000143f7410
0x0000000016acbb98:   00000000149f3bd0 00000000143f2b88
0x0000000016acbba8:   0000000016acbb68 0000000016acbbc8
0x0000000016acbbb8:   0000000016acbc18 0000000002787940
0x0000000016acbbc8:   0000000000001860 00000000eaf4f918
0x0000000016acbbd8:   0000000016acbbd8 00000000149f2c94
0x0000000016acbbe8:   0000000016acbc28 00000000149f3538
0x0000000016acbbf8:   00000000149f3ef8 00000000149f2c98
0x0000000016acbc08:   0000000016acbbc8 0000000016acbc28
0x0000000016acbc18:   0000000016acbc70 0000000002787940
0x0000000016acbc28:   00000000eaf520f0 0000000016acbc30
0x0000000016acbc38:   00000000149f1d38 0000000016acbcc8
0x0000000016acbc48:   00000000149f1f50 0000000000000000 

Instructions: (pc=0xffffffffa3785120)
0xffffffffa3785100:   
[error occurred during error reporting (printing registers, top of stack, instructions near pc), id 0xc0000005]

Register to memory mapping:

RAX={method} {0x00000000143ef228} '_get' '(I)B' in 'java/nio/HeapByteBuffer'
RBX={method} {0x00000000143ef228} '_get' '(I)B' in 'java/nio/HeapByteBuffer'
RCX=0x00000000eaf4f918 is an oop
java.nio.HeapByteBuffer 
 - klass: 'java/nio/HeapByteBuffer'
RDX=0x00000000eaf4f918 is an oop
java.nio.HeapByteBuffer 
 - klass: 'java/nio/HeapByteBuffer'
RSP=0x0000000016acbb58 is pointing into the stack for thread: 0x00000000164f3000
RBP=0x0000000016acbbb8 is pointing into the stack for thread: 0x00000000164f3000
RSI=0x000000000000024e is an unknown value
RDI=0x0000000000000108 is an unknown value
R8 =0x0000000000001860 is an unknown value
R9 =0x00000000164aafc0 is an unknown value
R10=0x000000005ce6c0c0 is an unknown value
R11=0x000000000294ca40 is at entry_point+32 in (nmethod*)0x000000000294c8d0
R12=0x0000000000000000 is an unknown value
R13=0x0000000016acbb68 is pointing into the stack for thread: 0x00000000164f3000
R14=0x00000000149f3bd0 is pointing into metadata
R15=0x00000000164f3000 is a thread


Stack: [0x00000000169d0000,0x0000000016ad0000],  sp=0x0000000016acbb58,  free space=1006k
Native frames: (J=compiled Java code, j=interpreted, Vv=VM code, C=native code)
C  0xffffffffa3785120


---------------  P R O C E S S  ---------------

Java Threads: ( => current thread )
  0x0000000018413000 JavaThread "D3D Screen Updater" daemon [_thread_blocked, id=6940, stack(0x0000000018f10000,0x0000000019010000)]
  0x0000000002680800 JavaThread "DestroyJavaVM" [_thread_blocked, id=7260, stack(0x0000000002580000,0x0000000002680000)]
=>0x00000000164f3000 JavaThread "AWT-EventQueue-0" [_thread_in_Java, id=7096, stack(0x00000000169d0000,0x0000000016ad0000)]
  0x00000000164f0800 JavaThread "AWT-Windows" daemon [_thread_in_native, id=6844, stack(0x0000000016780000,0x0000000016880000)]
  0x000000001649a800 JavaThread "AWT-Shutdown" [_thread_blocked, id=6980, stack(0x0000000016680000,0x0000000016780000)]
  0x00000000164a6000 JavaThread "Java2D Disposer" daemon [_thread_blocked, id=7576, stack(0x0000000016580000,0x0000000016680000)]
  0x0000000014c84000 JavaThread "Service Thread" daemon [_thread_blocked, id=9844, stack(0x0000000015e40000,0x0000000015f40000)]
  0x0000000014c10000 JavaThread "C1 CompilerThread1" daemon [_thread_blocked, id=6004, stack(0x0000000015d40000,0x0000000015e40000)]
  0x0000000014c09000 JavaThread "C2 CompilerThread0" daemon [_thread_blocked, id=2888, stack(0x0000000015c40000,0x0000000015d40000)]
  0x0000000014c07800 JavaThread "Attach Listener" daemon [_thread_blocked, id=8208, stack(0x0000000015b40000,0x0000000015c40000)]
  0x000000000277d800 JavaThread "Signal Dispatcher" daemon [_thread_blocked, id=7464, stack(0x0000000015a40000,0x0000000015b40000)]
  0x0000000002775000 JavaThread "Finalizer" daemon [_thread_blocked, id=5924, stack(0x0000000015840000,0x0000000015940000)]
  0x000000000276d800 JavaThread "Reference Handler" daemon [_thread_blocked, id=6992, stack(0x0000000015740000,0x0000000015840000)]

Other Threads:
  0x0000000014bd6000 VMThread [stack: 0x0000000015640000,0x0000000015740000] [id=3888]
  0x0000000014c89800 WatcherThread [stack: 0x0000000016080000,0x0000000016180000] [id=9040]

VM state:not at safepoint (normal execution)

VM Mutex/Monitor currently owned by a thread: None

Heap:
 PSYoungGen      total 18944K, used 4916K [0x00000000eab00000, 0x00000000ec000000, 0x0000000100000000)
  eden space 16384K, 30% used [0x00000000eab00000,0x00000000eafcd080,0x00000000ebb00000)
  from space 2560K, 0% used [0x00000000ebd80000,0x00000000ebd80000,0x00000000ec000000)
  to   space 2560K, 0% used [0x00000000ebb00000,0x00000000ebb00000,0x00000000ebd80000)
 ParOldGen       total 44032K, used 0K [0x00000000c0000000, 0x00000000c2b00000, 0x00000000eab00000)
  object space 44032K, 0% used [0x00000000c0000000,0x00000000c0000000,0x00000000c2b00000)
 Metaspace       used 8386K, capacity 8572K, committed 8832K, reserved 1056768K
  class space    used 1047K, capacity 1126K, committed 1152K, reserved 1048576K

Card table byte_map: [0x0000000011b40000,0x0000000011d50000] byte_map_base: 0x0000000011540000

Marking Bits: (ParMarkBitMap*) 0x000000005ce8a6c0
 Begin Bits: [0x00000000120b0000, 0x00000000130b0000)
 End Bits:   [0x00000000130b0000, 0x00000000140b0000)

Polling page: 0x0000000000a20000

CodeCache: size=245760Kb used=1859Kb max_used=1859Kb free=243900Kb
 bounds [0x0000000002780000, 0x00000000029f0000, 0x0000000011780000]
 total_blobs=800 nmethods=369 adapters=346
 compilation: enabled

Compilation events (10 events):
Event: 0.582 Thread 0x0000000014c10000  365       1       java.nio.HeapByteBuffer::_get (7 bytes)
Event: 0.582 Thread 0x0000000014c10000 nmethod 365 0x000000000294f6d0 code [0x000000000294f820, 0x000000000294f950]
Event: 0.582 Thread 0x0000000014c10000  368       3       java.nio.ByteBufferAsCharBufferB::get (16 bytes)
Event: 0.583 Thread 0x0000000014c10000 nmethod 368 0x000000000294fa10 code [0x000000000294fbc0, 0x00000000029501a8]
Event: 0.583 Thread 0x0000000014c10000  369       3       java.nio.ByteBufferAsCharBufferB::ix (9 bytes)
Event: 0.583 Thread 0x0000000014c10000 nmethod 369 0x0000000002950410 code [0x0000000002950560, 0x00000000029506b0]
Event: 0.583 Thread 0x0000000014c10000  366       3       java.nio.Bits::getCharB (16 bytes)
Event: 0.583 Thread 0x0000000014c10000 nmethod 366 0x0000000002950710 code [0x0000000002950880, 0x0000000002950bd8]
Event: 0.583 Thread 0x0000000014c10000  367       3       java.nio.Bits::makeChar (12 bytes)
Event: 0.583 Thread 0x0000000014c10000 nmethod 367 0x0000000002950cd0 code [0x0000000002950e20, 0x0000000002950f70]

GC Heap History (0 events):
No events

Deoptimization events (0 events):
No events

Internal exceptions (10 events):
Event: 0.085 Thread 0x0000000002680800 Exception <a 'java/lang/NoSuchMethodError': Method sun.misc.Unsafe.prefetchRead(Ljava/lang/Object;J)V name or signature does not match> (0x00000000eab07f60) thrown at [C:\re\workspace\8-2-build-windows-amd64-cygwin\jdk8u111\7883\hotspot\src\share\vm\prims
Event: 0.138 Thread 0x0000000002680800 Exception <a 'java/io/FileNotFoundException'> (0x00000000eab58d10) thrown at [C:\re\workspace\8-2-build-windows-amd64-cygwin\jdk8u111\7883\hotspot\src\share\vm\prims\jni.cpp, line 709]
Event: 0.172 Thread 0x0000000002680800 Exception <a 'java/security/PrivilegedActionException'> (0x00000000eab86b90) thrown at [C:\re\workspace\8-2-build-windows-amd64-cygwin\jdk8u111\7883\hotspot\src\share\vm\prims\jvm.cpp, line 1386]
Event: 0.172 Thread 0x0000000002680800 Exception <a 'java/security/PrivilegedActionException'> (0x00000000eab86da0) thrown at [C:\re\workspace\8-2-build-windows-amd64-cygwin\jdk8u111\7883\hotspot\src\share\vm\prims\jvm.cpp, line 1386]
Event: 0.175 Thread 0x0000000002680800 Exception <a 'java/security/PrivilegedActionException'> (0x00000000eab8a9e8) thrown at [C:\re\workspace\8-2-build-windows-amd64-cygwin\jdk8u111\7883\hotspot\src\share\vm\prims\jvm.cpp, line 1386]
Event: 0.175 Thread 0x0000000002680800 Exception <a 'java/security/PrivilegedActionException'> (0x00000000eab8abf8) thrown at [C:\re\workspace\8-2-build-windows-amd64-cygwin\jdk8u111\7883\hotspot\src\share\vm\prims\jvm.cpp, line 1386]
Event: 0.185 Thread 0x0000000002680800 Exception <a 'java/io/FileNotFoundException'> (0x00000000eab91d88) thrown at [C:\re\workspace\8-2-build-windows-amd64-cygwin\jdk8u111\7883\hotspot\src\share\vm\prims\jni.cpp, line 709]
Event: 0.239 Thread 0x0000000002680800 Exception <a 'java/lang/NoSuchFieldError': method resolution failed> (0x00000000eacb1f58) thrown at [C:\re\workspace\8-2-build-windows-amd64-cygwin\jdk8u111\7883\hotspot\src\share\vm\prims\methodHandles.cpp, line 1146]
Event: 0.255 Thread 0x0000000002680800 Exception <a 'java/lang/NoSuchFieldError': method resolution failed> (0x00000000eacbf600) thrown at [C:\re\workspace\8-2-build-windows-amd64-cygwin\jdk8u111\7883\hotspot\src\share\vm\prims\methodHandles.cpp, line 1146]
Event: 0.351 Thread 0x00000000164f3000 Exception <a 'java/io/FileNotFoundException'> (0x00000000eae32a90) thrown at [C:\re\workspace\8-2-build-windows-amd64-cygwin\jdk8u111\7883\hotspot\src\share\vm\prims\jni.cpp, line 709]

Events (10 events):
Event: 0.581 loading class sun/font/TrueTypeGlyphMapper
Event: 0.581 loading class sun/font/TrueTypeGlyphMapper done
Event: 0.581 loading class sun/font/CMap
Event: 0.581 loading class sun/font/CMap done
Event: 0.581 loading class sun/font/CMap$NullCMapClass
Event: 0.581 loading class sun/font/CMap$NullCMapClass done
Event: 0.582 loading class sun/font/CMap$CMapFormat4
Event: 0.582 loading class sun/font/CMap$CMapFormat4 done
Event: 0.582 loading class java/nio/ByteBufferAsCharBufferB
Event: 0.582 loading class java/nio/ByteBufferAsCharBufferB done


Dynamic libraries:
0x00007ff669070000 - 0x00007ff6690a7000 	C:\Program Files\Java\jre1.8.0_111\bin\javaw.exe
0x00007ff95f3f0000 - 0x00007ff95f5c1000 	C:\Windows\SYSTEM32\ntdll.dll
0x00007ff95f250000 - 0x00007ff95f2fb000 	C:\Windows\System32\KERNEL32.DLL
0x00007ff95c760000 - 0x00007ff95c97d000 	C:\Windows\System32\KERNELBASE.dll
0x00007ff95e340000 - 0x00007ff95e3e2000 	C:\Windows\System32\ADVAPI32.dll
0x00007ff95e7d0000 - 0x00007ff95e86e000 	C:\Windows\System32\msvcrt.dll
0x00007ff95f310000 - 0x00007ff95f369000 	C:\Windows\System32\sechost.dll
0x00007ff95cb20000 - 0x00007ff95cc41000 	C:\Windows\System32\RPCRT4.dll
0x00007ff95e4c0000 - 0x00007ff95e625000 	C:\Windows\System32\USER32.dll
0x00007ff95c360000 - 0x00007ff95c37e000 	C:\Windows\System32\win32u.dll
0x00007ff95cc50000 - 0x00007ff95cc84000 	C:\Windows\System32\GDI32.dll
0x00007ff95b9d0000 - 0x00007ff95bb52000 	C:\Windows\System32\gdi32full.dll
0x00007ff9559a0000 - 0x00007ff955c19000 	C:\Windows\WinSxS\amd64_microsoft.windows.common-controls_6595b64144ccf1df_6.0.14393.0_none_2d0f50fcbdb171b8\COMCTL32.dll
0x00007ff95ece0000 - 0x00007ff95efa7000 	C:\Windows\System32\combase.dll
0x00007ff95c600000 - 0x00007ff95c6f5000 	C:\Windows\System32\ucrtbase.dll
0x00007ff95bc10000 - 0x00007ff95bc7a000 	C:\Windows\System32\bcryptPrimitives.dll
0x00007ff95e870000 - 0x00007ff95e89e000 	C:\Windows\System32\IMM32.DLL
0x000000005c190000 - 0x000000005c262000 	C:\Program Files\Java\jre1.8.0_111\bin\msvcr100.dll
0x000000005c670000 - 0x000000005cf0a000 	C:\Program Files\Java\jre1.8.0_111\bin\server\jvm.dll
0x00007ff95e8a0000 - 0x00007ff95e8a8000 	C:\Windows\System32\PSAPI.DLL
0x00007ff9493c0000 - 0x00007ff9493c9000 	C:\Windows\SYSTEM32\WSOCK32.dll
0x00007ff95e450000 - 0x00007ff95e4ba000 	C:\Windows\System32\WS2_32.dll
0x00007ff959e30000 - 0x00007ff959e53000 	C:\Windows\SYSTEM32\WINMM.dll
0x00007ff957460000 - 0x00007ff95746a000 	C:\Windows\SYSTEM32\VERSION.dll
0x00007ff959dd0000 - 0x00007ff959dfb000 	C:\Windows\SYSTEM32\WINMMBASE.dll
0x00007ff95b980000 - 0x00007ff95b9c2000 	C:\Windows\System32\cfgmgr32.dll
0x000000005c580000 - 0x000000005c58f000 	C:\Program Files\Java\jre1.8.0_111\bin\verify.dll
0x000000005c550000 - 0x000000005c579000 	C:\Program Files\Java\jre1.8.0_111\bin\java.dll
0x000000005c530000 - 0x000000005c546000 	C:\Program Files\Java\jre1.8.0_111\bin\zip.dll
0x00007ff95cd90000 - 0x00007ff95e298000 	C:\Windows\System32\SHELL32.dll
0x00007ff95bc80000 - 0x00007ff95c35a000 	C:\Windows\System32\windows.storage.dll
0x00007ff95b8f0000 - 0x00007ff95b93c000 	C:\Windows\System32\powrprof.dll
0x00007ff95ca40000 - 0x00007ff95ca92000 	C:\Windows\System32\shlwapi.dll
0x00007ff95b940000 - 0x00007ff95b94f000 	C:\Windows\System32\kernel.appcore.dll
0x00007ff95c380000 - 0x00007ff95c429000 	C:\Windows\System32\shcore.dll
0x00007ff95b950000 - 0x00007ff95b964000 	C:\Windows\System32\profapi.dll
0x000000005c310000 - 0x000000005c4a8000 	C:\Program Files\Java\jre1.8.0_111\bin\awt.dll
0x00007ff95c980000 - 0x00007ff95ca3c000 	C:\Windows\System32\OLEAUT32.dll
0x00007ff959d20000 - 0x00007ff959d9a000 	C:\Windows\SYSTEM32\apphelp.dll
0x00007ff95a040000 - 0x00007ff95a0d5000 	C:\Windows\system32\uxtheme.dll
0x00007ff95efb0000 - 0x00007ff95f10b000 	C:\Windows\System32\MSCTF.dll
0x00007ff959cf0000 - 0x00007ff959d16000 	C:\Windows\system32\dwmapi.dll
0x00007ff95f110000 - 0x00007ff95f247000 	C:\Windows\System32\ole32.dll
0x00007ff94d7e0000 - 0x00007ff94d96d000 	C:\Windows\system32\d3d9.dll
0x00007ff91c2a0000 - 0x00007ff91d356000 	C:\Windows\SYSTEM32\nvd3dumx.dll
0x00007ff956cd0000 - 0x00007ff956e3c000 	C:\Program Files (x86)\NVIDIA Corporation\3D Vision\nvSCPAPI64.dll
0x00007ff95e8b0000 - 0x00007ff95ecd9000 	C:\Windows\System32\SETUPAPI.dll
0x000000005c2c0000 - 0x000000005c307000 	C:\Program Files\Java\jre1.8.0_111\bin\fontmanager.dll
0x000000005c510000 - 0x000000005c52a000 	C:\Program Files\Java\jre1.8.0_111\bin\net.dll
0x00007ff95b220000 - 0x00007ff95b27c000 	C:\Windows\system32\mswsock.dll
0x000000005c4f0000 - 0x000000005c501000 	C:\Program Files\Java\jre1.8.0_111\bin\nio.dll
0x000000005c270000 - 0x000000005c2b2000 	C:\Program Files\Java\jre1.8.0_111\bin\t2k.dll
0x00007ff94c6e0000 - 0x00007ff94c872000 	C:\Windows\SYSTEM32\dbghelp.dll

VM Arguments:
jvm_args: -Dfile.encoding=Cp1252 
java_command: view.ViewJogo
java_class_path (initial): E:\TADS\WorkSpace\JogoDaVelha\bin
Launcher Type: SUN_STANDARD

Environment Variables:
PATH=C:/Program Files/Java/jre1.8.0_111/bin/server;C:/Program Files/Java/jre1.8.0_111/bin;C:/Program Files/Java/jre1.8.0_111/lib/amd64;C:\ProgramData\Oracle\Java\javapath;C:\Program Files (x86)\NVIDIA Corporation\PhysX\Common;C:\Windows\system32;C:\Windows;C:\Windows\System32\Wbem;C:\Windows\System32\WindowsPowerShell\v1.0\;C:\Program Files\MySQL\MySQL Enterprise Backup 4.0\;C:\Program Files (x86)\MySQL\MySQL Fabric 1.5 & MySQL Utilities 1.5\;C:\Program Files (x86)\MySQL\MySQL Fabric 1.5 & MySQL Utilities 1.5\Doctrine extensions for PHP\;C:\Users\lkvas\AppData\Local\Microsoft\WindowsApps;C:\Users\lkvas\AppData\Local\atom\bin;E:\Programas\eclipse;
USERNAME=lkvas
OS=Windows_NT
PROCESSOR_IDENTIFIER=Intel64 Family 6 Model 23 Stepping 6, GenuineIntel



---------------  S Y S T E M  ---------------

OS: Windows 10.0 , 64 bit Build 14393 (10.0.14393.0)

CPU:total 2 (2 cores per cpu, 1 threads per core) family 6 model 23 stepping 6, cmov, cx8, fxsr, mmx, sse, sse2, sse3, ssse3, sse4.1, tsc

Memory: 4k page, physical 4193520k(1171536k free), swap 6349184k(1845964k free)

vm_info: Java HotSpot(TM) 64-Bit Server VM (25.111-b14) for windows-amd64 JRE (1.8.0_111-b14), built on Sep 22 2016 19:24:05 by "java_re" with MS VC++ 10.0 (VS2010)

time: Sat Nov 26 13:14:40 2016
elapsed time: 0 seconds (0d 0h 0m 0s)

