#
# A fatal error has been detected by the Java Runtime Environment:
#
#  EXCEPTION_ACCESS_VIOLATION (0xc0000005) at pc=0xffffffffa4155120, pid=10140, tid=0x000000000000259c
#
# JRE version: Java(TM) SE Runtime Environment (8.0_111-b14) (build 1.8.0_111-b14)
# Java VM: Java HotSpot(TM) 64-Bit Server VM (25.111-b14 mixed mode windows-amd64 compressed oops)
# Problematic frame:
# C  0xffffffffa4155120
#
# Failed to write core dump. Minidumps are not enabled by default on client versions of Windows
#
# If you would like to submit a bug report, please visit:
#   http://bugreport.java.com/bugreport/crash.jsp
#

---------------  T H R E A D  ---------------

Current thread (0x0000000016e53000):  JavaThread "AWT-EventQueue-0" [_thread_in_Java, id=9628, stack(0x0000000017360000,0x0000000017460000)]

siginfo: ExceptionCode=0xc0000005, ExceptionInformation=0x0000000000000008 0xffffffffa4155120

Registers:
RAX=0x0000000014dbf220, RBX=0x0000000014dbf220, RCX=0x00000000eb18b840, RDX=0x00000000eb18b840
RSP=0x000000001745b858, RBP=0x000000001745b8b8, RSI=0x00000000000001c3, RDI=0x0000000000000108
R8 =0x000000000000174a, R9 =0x0000000016e44b20, R10=0x000000006e54c0c0, R11=0x000000000334e500
R12=0x0000000000000000, R13=0x000000001745b868, R14=0x0000000000000000, R15=0x0000000016e53000
RIP=0xffffffffa4155120, EFLAGS=0x0000000000010206

Top of Stack: (sp=0x000000001745b858)
0x000000001745b858:   00000000031577a0 00000000031577a0
0x000000001745b868:   000000000000174a 00000000eb18b840
0x000000001745b878:   000000001745b878 0000000014dc2b7a
0x000000001745b888:   000000001745b8d0 0000000014dc7410
0x000000001745b898:   0000000000000000 0000000014dc2b88
0x000000001745b8a8:   000000001745b868 000000001745b8c8
0x000000001745b8b8:   000000001745b918 0000000003157940
0x000000001745b8c8:   000000000000174a 00000000eb18b840
0x000000001745b8d8:   000000001745b8d8 00000000198945dc
0x000000001745b8e8:   000000001745b928 0000000019894e80
0x000000001745b8f8:   0000000000000000 00000000198945e0
0x000000001745b908:   000000001745b8c8 000000001745b928
0x000000001745b918:   000000001745b980 0000000003157940
0x000000001745b928:   00000000eb18e018 0000000000000080
0x000000001745b938:   00000000eb18e2f0 000000001745b940
0x000000001745b948:   00000000198934cf 000000001745b9d8 

Instructions: (pc=0xffffffffa4155120)
0xffffffffa4155100:   
[error occurred during error reporting (printing registers, top of stack, instructions near pc), id 0xc0000005]

Register to memory mapping:

RAX={method} {0x0000000014dbf228} '_get' '(I)B' in 'java/nio/HeapByteBuffer'
RBX={method} {0x0000000014dbf228} '_get' '(I)B' in 'java/nio/HeapByteBuffer'
RCX=0x00000000eb18b840 is an oop
java.nio.HeapByteBuffer 
 - klass: 'java/nio/HeapByteBuffer'
RDX=0x00000000eb18b840 is an oop
java.nio.HeapByteBuffer 
 - klass: 'java/nio/HeapByteBuffer'
RSP=0x000000001745b858 is pointing into the stack for thread: 0x0000000016e53000
RBP=0x000000001745b8b8 is pointing into the stack for thread: 0x0000000016e53000
RSI=0x00000000000001c3 is an unknown value
RDI=0x0000000000000108 is an unknown value
R8 =0x000000000000174a is an unknown value
R9 =0x0000000016e44b20 is an unknown value
R10=0x000000006e54c0c0 is an unknown value
R11=0x000000000334e500 is at entry_point+32 in (nmethod*)0x000000000334e390
R12=0x0000000000000000 is an unknown value
R13=0x000000001745b868 is pointing into the stack for thread: 0x0000000016e53000
R14=0x0000000000000000 is an unknown value
R15=0x0000000016e53000 is a thread


Stack: [0x0000000017360000,0x0000000017460000],  sp=0x000000001745b858,  free space=1006k
Native frames: (J=compiled Java code, j=interpreted, Vv=VM code, C=native code)
C  0xffffffffa4155120


---------------  P R O C E S S  ---------------

Java Threads: ( => current thread )
  0x0000000016f42800 JavaThread "D3D Screen Updater" daemon [_thread_blocked, id=604, stack(0x000000001a230000,0x000000001a330000)]
  0x0000000016f2a000 JavaThread "Thread-1" [_thread_blocked, id=9772, stack(0x00000000196f0000,0x00000000197f0000)]
  0x0000000016f23800 JavaThread "Image Fetcher 1" daemon [_thread_blocked, id=9916, stack(0x0000000018df0000,0x0000000018ef0000)]
  0x0000000016ebf800 JavaThread "Image Fetcher 0" daemon [_thread_blocked, id=10204, stack(0x0000000018cf0000,0x0000000018df0000)]
  0x0000000003050800 JavaThread "DestroyJavaVM" [_thread_blocked, id=10008, stack(0x0000000002f20000,0x0000000003020000)]
=>0x0000000016e53000 JavaThread "AWT-EventQueue-0" [_thread_in_Java, id=9628, stack(0x0000000017360000,0x0000000017460000)]
  0x0000000016e50000 JavaThread "AWT-Windows" daemon [_thread_in_native, id=9520, stack(0x0000000017160000,0x0000000017260000)]
  0x0000000016e3f000 JavaThread "AWT-Shutdown" [_thread_blocked, id=9516, stack(0x0000000017060000,0x0000000017160000)]
  0x0000000016e3e000 JavaThread "Java2D Disposer" daemon [_thread_blocked, id=9560, stack(0x0000000016f60000,0x0000000017060000)]
  0x000000001563a000 JavaThread "Service Thread" daemon [_thread_blocked, id=8656, stack(0x0000000016820000,0x0000000016920000)]
  0x0000000015635800 JavaThread "C1 CompilerThread1" daemon [_thread_blocked, id=8900, stack(0x0000000016720000,0x0000000016820000)]
  0x00000000155da800 JavaThread "C2 CompilerThread0" daemon [_thread_blocked, id=9448, stack(0x0000000016620000,0x0000000016720000)]
  0x00000000155d9000 JavaThread "Attach Listener" daemon [_thread_blocked, id=9404, stack(0x0000000016520000,0x0000000016620000)]
  0x00000000155d6000 JavaThread "Signal Dispatcher" daemon [_thread_blocked, id=9416, stack(0x0000000016420000,0x0000000016520000)]
  0x00000000155c8800 JavaThread "Finalizer" daemon [_thread_blocked, id=9436, stack(0x0000000016220000,0x0000000016320000)]
  0x000000000313d800 JavaThread "Reference Handler" daemon [_thread_blocked, id=9432, stack(0x0000000016120000,0x0000000016220000)]

Other Threads:
  0x00000000155a6000 VMThread [stack: 0x0000000016020000,0x0000000016120000] [id=9692]
  0x0000000015640800 WatcherThread [stack: 0x0000000016a60000,0x0000000016b60000] [id=9644]

VM state:not at safepoint (normal execution)

VM Mutex/Monitor currently owned by a thread: None

Heap:
 PSYoungGen      total 18944K, used 6803K [0x00000000eab00000, 0x00000000ec000000, 0x0000000100000000)
  eden space 16384K, 41% used [0x00000000eab00000,0x00000000eb1a4d68,0x00000000ebb00000)
  from space 2560K, 0% used [0x00000000ebd80000,0x00000000ebd80000,0x00000000ec000000)
  to   space 2560K, 0% used [0x00000000ebb00000,0x00000000ebb00000,0x00000000ebd80000)
 ParOldGen       total 44032K, used 0K [0x00000000c0000000, 0x00000000c2b00000, 0x00000000eab00000)
  object space 44032K, 0% used [0x00000000c0000000,0x00000000c0000000,0x00000000c2b00000)
 Metaspace       used 10043K, capacity 10200K, committed 10368K, reserved 1058816K
  class space    used 1285K, capacity 1350K, committed 1408K, reserved 1048576K

Card table byte_map: [0x0000000012510000,0x0000000012720000] byte_map_base: 0x0000000011f10000

Marking Bits: (ParMarkBitMap*) 0x000000006e56a6c0
 Begin Bits: [0x0000000012a80000, 0x0000000013a80000)
 End Bits:   [0x0000000013a80000, 0x0000000014a80000)

Polling page: 0x0000000002ea0000

CodeCache: size=245760Kb used=2057Kb max_used=2057Kb free=243702Kb
 bounds [0x0000000003150000, 0x00000000033c0000, 0x0000000012150000]
 total_blobs=894 nmethods=422 adapters=387
 compilation: enabled

Compilation events (10 events):
Event: 0.854 Thread 0x0000000015635800  413       3       java.nio.Bits::makeShort (12 bytes)
Event: 0.854 Thread 0x0000000015635800 nmethod 413 0x000000000334fb50 code [0x000000000334fca0, 0x000000000334fdf0]
Event: 0.854 Thread 0x0000000015635800  415       3       java.nio.ByteBufferAsShortBufferB::ix (9 bytes)
Event: 0.854 Thread 0x0000000015635800 nmethod 415 0x000000000334fe50 code [0x000000000334ffa0, 0x00000000033500f0]
Event: 0.856 Thread 0x0000000015635800  416       1       java.nio.Buffer::limit (5 bytes)
Event: 0.856 Thread 0x0000000015635800 nmethod 416 0x0000000003350d50 code [0x0000000003350ea0, 0x0000000003350fb0]
Event: 0.857 Thread 0x0000000015635800  417       3       java.nio.Buffer::position (43 bytes)
Event: 0.858 Thread 0x0000000015635800 nmethod 417 0x0000000003351010 code [0x0000000003351180, 0x0000000003351448]
Event: 0.858 Thread 0x0000000015635800  418       1       java.nio.HeapByteBuffer::_get (7 bytes)
Event: 0.858 Thread 0x0000000015635800 nmethod 418 0x0000000003351510 code [0x0000000003351660, 0x0000000003351790]

GC Heap History (0 events):
No events

Deoptimization events (0 events):
No events

Internal exceptions (10 events):
Event: 0.041 Thread 0x0000000003050800 Exception <a 'java/lang/NoSuchMethodError': Method sun.misc.Unsafe.prefetchRead(Ljava/lang/Object;J)V name or signature does not match> (0x00000000eab07f60) thrown at [C:\re\workspace\8-2-build-windows-amd64-cygwin\jdk8u111\7883\hotspot\src\share\vm\prims
Event: 0.105 Thread 0x0000000003050800 Exception <a 'java/io/FileNotFoundException'> (0x00000000eab59968) thrown at [C:\re\workspace\8-2-build-windows-amd64-cygwin\jdk8u111\7883\hotspot\src\share\vm\prims\jni.cpp, line 709]
Event: 0.150 Thread 0x0000000003050800 Exception <a 'java/security/PrivilegedActionException'> (0x00000000eab86730) thrown at [C:\re\workspace\8-2-build-windows-amd64-cygwin\jdk8u111\7883\hotspot\src\share\vm\prims\jvm.cpp, line 1386]
Event: 0.150 Thread 0x0000000003050800 Exception <a 'java/security/PrivilegedActionException'> (0x00000000eab86940) thrown at [C:\re\workspace\8-2-build-windows-amd64-cygwin\jdk8u111\7883\hotspot\src\share\vm\prims\jvm.cpp, line 1386]
Event: 0.153 Thread 0x0000000003050800 Exception <a 'java/security/PrivilegedActionException'> (0x00000000eab8a588) thrown at [C:\re\workspace\8-2-build-windows-amd64-cygwin\jdk8u111\7883\hotspot\src\share\vm\prims\jvm.cpp, line 1386]
Event: 0.153 Thread 0x0000000003050800 Exception <a 'java/security/PrivilegedActionException'> (0x00000000eab8a798) thrown at [C:\re\workspace\8-2-build-windows-amd64-cygwin\jdk8u111\7883\hotspot\src\share\vm\prims\jvm.cpp, line 1386]
Event: 0.171 Thread 0x0000000003050800 Exception <a 'java/io/FileNotFoundException'> (0x00000000eab9d6f8) thrown at [C:\re\workspace\8-2-build-windows-amd64-cygwin\jdk8u111\7883\hotspot\src\share\vm\prims\jni.cpp, line 709]
Event: 0.237 Thread 0x0000000003050800 Exception <a 'java/lang/NoSuchFieldError': method resolution failed> (0x00000000eacbda48) thrown at [C:\re\workspace\8-2-build-windows-amd64-cygwin\jdk8u111\7883\hotspot\src\share\vm\prims\methodHandles.cpp, line 1146]
Event: 0.243 Thread 0x0000000003050800 Exception <a 'java/lang/NoSuchFieldError': method resolution failed> (0x00000000eaccae18) thrown at [C:\re\workspace\8-2-build-windows-amd64-cygwin\jdk8u111\7883\hotspot\src\share\vm\prims\methodHandles.cpp, line 1146]
Event: 0.332 Thread 0x0000000016e53000 Exception <a 'java/io/FileNotFoundException'> (0x00000000eae40e80) thrown at [C:\re\workspace\8-2-build-windows-amd64-cygwin\jdk8u111\7883\hotspot\src\share\vm\prims\jni.cpp, line 709]

Events (10 events):
Event: 0.856 loading class sun/font/TrueTypeGlyphMapper
Event: 0.857 loading class sun/font/TrueTypeGlyphMapper done
Event: 0.857 loading class sun/font/CMap
Event: 0.857 loading class sun/font/CMap done
Event: 0.857 loading class sun/font/CMap$NullCMapClass
Event: 0.857 loading class sun/font/CMap$NullCMapClass done
Event: 0.857 loading class sun/font/CMap$CMapFormat4
Event: 0.857 loading class sun/font/CMap$CMapFormat4 done
Event: 0.857 loading class java/nio/ByteBufferAsCharBufferB
Event: 0.857 loading class java/nio/ByteBufferAsCharBufferB done


Dynamic libraries:
0x00007ff7dd3c0000 - 0x00007ff7dd3f7000 	C:\Program Files\Java\jre1.8.0_111\bin\javaw.exe
0x00007ffab9520000 - 0x00007ffab96f1000 	C:\Windows\SYSTEM32\ntdll.dll
0x00007ffab7350000 - 0x00007ffab73fb000 	C:\Windows\System32\KERNEL32.DLL
0x00007ffab6480000 - 0x00007ffab669d000 	C:\Windows\System32\KERNELBASE.dll
0x00007ffab76b0000 - 0x00007ffab7752000 	C:\Windows\System32\ADVAPI32.dll
0x00007ffab74a0000 - 0x00007ffab753e000 	C:\Windows\System32\msvcrt.dll
0x00007ffab6bf0000 - 0x00007ffab6c49000 	C:\Windows\System32\sechost.dll
0x00007ffab8f40000 - 0x00007ffab9061000 	C:\Windows\System32\RPCRT4.dll
0x00007ffab7540000 - 0x00007ffab76a5000 	C:\Windows\System32\USER32.dll
0x00007ffab66a0000 - 0x00007ffab66be000 	C:\Windows\System32\win32u.dll
0x00007ffab7400000 - 0x00007ffab7434000 	C:\Windows\System32\GDI32.dll
0x00007ffab6920000 - 0x00007ffab6aa2000 	C:\Windows\System32\gdi32full.dll
0x00007ffaaff10000 - 0x00007ffab0189000 	C:\Windows\WinSxS\amd64_microsoft.windows.common-controls_6595b64144ccf1df_6.0.14393.0_none_2d0f50fcbdb171b8\COMCTL32.dll
0x00007ffab9090000 - 0x00007ffab9357000 	C:\Windows\System32\combase.dll
0x00007ffab6820000 - 0x00007ffab6915000 	C:\Windows\System32\ucrtbase.dll
0x00007ffab5d30000 - 0x00007ffab5d9a000 	C:\Windows\System32\bcryptPrimitives.dll
0x00007ffab70e0000 - 0x00007ffab710e000 	C:\Windows\System32\IMM32.DLL
0x000000006dad0000 - 0x000000006dba2000 	C:\Program Files\Java\jre1.8.0_111\bin\msvcr100.dll
0x000000006dd50000 - 0x000000006e5ea000 	C:\Program Files\Java\jre1.8.0_111\bin\server\jvm.dll
0x00007ffab9070000 - 0x00007ffab9078000 	C:\Windows\System32\PSAPI.DLL
0x00007ffaa4390000 - 0x00007ffaa4399000 	C:\Windows\SYSTEM32\WSOCK32.dll
0x00007ffab7110000 - 0x00007ffab717a000 	C:\Windows\System32\WS2_32.dll
0x00007ffab3ee0000 - 0x00007ffab3f03000 	C:\Windows\SYSTEM32\WINMM.dll
0x00007ffab1290000 - 0x00007ffab129a000 	C:\Windows\SYSTEM32\VERSION.dll
0x00007ffab3e80000 - 0x00007ffab3eab000 	C:\Windows\SYSTEM32\WINMMBASE.dll
0x00007ffab6770000 - 0x00007ffab67b2000 	C:\Windows\System32\cfgmgr32.dll
0x000000006ec50000 - 0x000000006ec5f000 	C:\Program Files\Java\jre1.8.0_111\bin\verify.dll
0x000000006dc40000 - 0x000000006dc69000 	C:\Program Files\Java\jre1.8.0_111\bin\java.dll
0x000000006dc20000 - 0x000000006dc36000 	C:\Program Files\Java\jre1.8.0_111\bin\zip.dll
0x00007ffab7870000 - 0x00007ffab8d78000 	C:\Windows\System32\SHELL32.dll
0x00007ffab5da0000 - 0x00007ffab647a000 	C:\Windows\System32\windows.storage.dll
0x00007ffab5a30000 - 0x00007ffab5a7c000 	C:\Windows\System32\powrprof.dll
0x00007ffab7080000 - 0x00007ffab70d2000 	C:\Windows\System32\shlwapi.dll
0x00007ffab5a80000 - 0x00007ffab5a8f000 	C:\Windows\System32\kernel.appcore.dll
0x00007ffab66c0000 - 0x00007ffab6769000 	C:\Windows\System32\shcore.dll
0x00007ffab5a90000 - 0x00007ffab5aa4000 	C:\Windows\System32\profapi.dll
0x000000006d930000 - 0x000000006dac8000 	C:\Program Files\Java\jre1.8.0_111\bin\awt.dll
0x00007ffab7290000 - 0x00007ffab734c000 	C:\Windows\System32\OLEAUT32.dll
0x00007ffab3fd0000 - 0x00007ffab404a000 	C:\Windows\SYSTEM32\apphelp.dll
0x00007ffab4170000 - 0x00007ffab4205000 	C:\Windows\system32\uxtheme.dll
0x00007ffab93c0000 - 0x00007ffab951b000 	C:\Windows\System32\MSCTF.dll
0x00007ffab3e20000 - 0x00007ffab3e46000 	C:\Windows\system32\dwmapi.dll
0x00007ffab6ab0000 - 0x00007ffab6be7000 	C:\Windows\System32\ole32.dll
0x00007ffaa84d0000 - 0x00007ffaa865d000 	C:\Windows\system32\d3d9.dll
0x00007ffa7ea80000 - 0x00007ffa7fb36000 	C:\Windows\SYSTEM32\nvd3dumx.dll
0x00007ffab0c50000 - 0x00007ffab0dbc000 	C:\Program Files (x86)\NVIDIA Corporation\3D Vision\nvSCPAPI64.dll
0x00007ffab6c50000 - 0x00007ffab7079000 	C:\Windows\System32\SETUPAPI.dll
0x000000006d8f0000 - 0x000000006d921000 	C:\Program Files\Java\jre1.8.0_111\bin\jpeg.dll
0x000000006d8a0000 - 0x000000006d8e7000 	C:\Program Files\Java\jre1.8.0_111\bin\fontmanager.dll
0x00007ffab77d0000 - 0x00007ffab786f000 	C:\Windows\System32\clbcatq.dll
0x00007ffab34d0000 - 0x00007ffab3678000 	C:\Windows\SYSTEM32\WindowsCodecs.dll
0x00007ffa9eb90000 - 0x00007ffa9ebd9000 	C:\Windows\system32\dataexchange.dll
0x00007ffab27d0000 - 0x00007ffab2a86000 	C:\Windows\system32\d3d11.dll
0x00007ffab3760000 - 0x00007ffab38b1000 	C:\Windows\system32\dcomp.dll
0x00007ffab49b0000 - 0x00007ffab4a4f000 	C:\Windows\system32\dxgi.dll
0x00007ffab4480000 - 0x00007ffab459c000 	C:\Windows\system32\twinapi.appcore.dll
0x00007ffab5600000 - 0x00007ffab562b000 	C:\Windows\system32\bcrypt.dll
0x000000006dc00000 - 0x000000006dc1a000 	C:\Program Files\Java\jre1.8.0_111\bin\net.dll
0x00007ffab5350000 - 0x00007ffab53ac000 	C:\Windows\system32\mswsock.dll
0x000000006dbe0000 - 0x000000006dbf1000 	C:\Program Files\Java\jre1.8.0_111\bin\nio.dll
0x000000006d850000 - 0x000000006d892000 	C:\Program Files\Java\jre1.8.0_111\bin\t2k.dll
0x00007ffaa86e0000 - 0x00007ffaa8872000 	C:\Windows\SYSTEM32\dbghelp.dll

VM Arguments:
jvm_args: -Dfile.encoding=Cp1252 
java_command: view.LoginView
java_class_path (initial): E:\TADS\WorkSpace\EasyShop\bin;C:\Users\lkvas\Downloads\mysql-connector-java-5.1.8-bin.jar;C:\Users\lkvas\Downloads\lib\jcalendar-1.4.jar
Launcher Type: SUN_STANDARD

Environment Variables:
PATH=C:/Program Files/Java/jre1.8.0_111/bin/server;C:/Program Files/Java/jre1.8.0_111/bin;C:/Program Files/Java/jre1.8.0_111/lib/amd64;C:\ProgramData\Oracle\Java\javapath;C:\Program Files (x86)\NVIDIA Corporation\PhysX\Common;C:\Windows\system32;C:\Windows;C:\Windows\System32\Wbem;C:\Windows\System32\WindowsPowerShell\v1.0\;C:\Program Files\MySQL\MySQL Enterprise Backup 4.0\;C:\Program Files (x86)\MySQL\MySQL Fabric 1.5 & MySQL Utilities 1.5\;C:\Program Files (x86)\MySQL\MySQL Fabric 1.5 & MySQL Utilities 1.5\Doctrine extensions for PHP\;C:\Users\lkvas\AppData\Local\Microsoft\WindowsApps;C:\Users\lkvas\AppData\Local\atom\bin;E:\Programas\eclipse;
USERNAME=lkvas
OS=Windows_NT
PROCESSOR_IDENTIFIER=Intel64 Family 6 Model 23 Stepping 6, GenuineIntel



---------------  S Y S T E M  ---------------

OS: Windows 10.0 , 64 bit Build 14393 (10.0.14393.0)

CPU:total 2 (2 cores per cpu, 1 threads per core) family 6 model 23 stepping 6, cmov, cx8, fxsr, mmx, sse, sse2, sse3, ssse3, sse4.1, tsc

Memory: 4k page, physical 4193520k(1255360k free), swap 9708948k(1913508k free)

vm_info: Java HotSpot(TM) 64-Bit Server VM (25.111-b14) for windows-amd64 JRE (1.8.0_111-b14), built on Sep 22 2016 19:24:05 by "java_re" with MS VC++ 10.0 (VS2010)

time: Tue Dec 13 01:27:08 2016
elapsed time: 0 seconds (0d 0h 0m 0s)

