#
# A fatal error has been detected by the Java Runtime Environment:
#
#  EXCEPTION_ACCESS_VIOLATION (0xc0000005) at pc=0xffffffffa33e5120, pid=968, tid=0x0000000000002634
#
# JRE version: Java(TM) SE Runtime Environment (8.0_111-b14) (build 1.8.0_111-b14)
# Java VM: Java HotSpot(TM) 64-Bit Server VM (25.111-b14 mixed mode windows-amd64 compressed oops)
# Problematic frame:
# C  0xffffffffa33e5120
#
# Failed to write core dump. Minidumps are not enabled by default on client versions of Windows
#
# If you would like to submit a bug report, please visit:
#   http://bugreport.java.com/bugreport/crash.jsp
#

---------------  T H R E A D  ---------------

Current thread (0x0000000016182800):  JavaThread "AWT-EventQueue-0" [_thread_in_Java, id=9780, stack(0x00000000165b0000,0x00000000166b0000)]

siginfo: ExceptionCode=0xc0000005, ExceptionInformation=0x0000000000000008 0xffffffffa33e5120

Registers:
RAX=0x000000001404f220, RBX=0x000000001404f220, RCX=0x00000000eb139758, RDX=0x00000000eb139758
RSP=0x00000000166abbc8, RBP=0x00000000166abc28, RSI=0x00000000000001db, RDI=0x0000000000000108
R8 =0x000000000000177a, R9 =0x0000000016129350, R10=0x000000006e54c0c0, R11=0x00000000025d9940
R12=0x0000000000000000, R13=0x00000000166abbd8, R14=0x0000000000000000, R15=0x0000000016182800
RIP=0xffffffffa33e5120, EFLAGS=0x0000000000010202

Top of Stack: (sp=0x00000000166abbc8)
0x00000000166abbc8:   00000000023e77a0 00000000023e77a0
0x00000000166abbd8:   000000000000177a 00000000eb139758
0x00000000166abbe8:   00000000166abbe8 0000000014052b7a
0x00000000166abbf8:   00000000166abc40 0000000014057410
0x00000000166abc08:   0000000000000000 0000000014052b88
0x00000000166abc18:   00000000166abbd8 00000000166abc38
0x00000000166abc28:   00000000166abc88 00000000023e7940
0x00000000166abc38:   000000000000177a 00000000eb139758
0x00000000166abc48:   00000000166abc48 000000001891283c
0x00000000166abc58:   00000000166abc98 00000000189130e0
0x00000000166abc68:   0000000000000000 0000000018912840
0x00000000166abc78:   00000000166abc38 00000000166abc98
0x00000000166abc88:   00000000166abcf0 00000000023e7940
0x00000000166abc98:   00000000eb13bf30 0000000000000098
0x00000000166abca8:   00000000eb13c208 00000000166abcb0
0x00000000166abcb8:   000000001891172f 00000000166abd48 

Instructions: (pc=0xffffffffa33e5120)
0xffffffffa33e5100:   
[error occurred during error reporting (printing registers, top of stack, instructions near pc), id 0xc0000005]

Register to memory mapping:

RAX={method} {0x000000001404f228} '_get' '(I)B' in 'java/nio/HeapByteBuffer'
RBX={method} {0x000000001404f228} '_get' '(I)B' in 'java/nio/HeapByteBuffer'
RCX=0x00000000eb139758 is an oop
java.nio.HeapByteBuffer 
 - klass: 'java/nio/HeapByteBuffer'
RDX=0x00000000eb139758 is an oop
java.nio.HeapByteBuffer 
 - klass: 'java/nio/HeapByteBuffer'
RSP=0x00000000166abbc8 is pointing into the stack for thread: 0x0000000016182800
RBP=0x00000000166abc28 is pointing into the stack for thread: 0x0000000016182800
RSI=0x00000000000001db is an unknown value
RDI=0x0000000000000108 is an unknown value
R8 =0x000000000000177a is an unknown value
R9 =0x0000000016129350 is an unknown value
R10=0x000000006e54c0c0 is an unknown value
R11=0x00000000025d9940 is at entry_point+32 in (nmethod*)0x00000000025d97d0
R12=0x0000000000000000 is an unknown value
R13=0x00000000166abbd8 is pointing into the stack for thread: 0x0000000016182800
R14=0x0000000000000000 is an unknown value
R15=0x0000000016182800 is a thread


Stack: [0x00000000165b0000,0x00000000166b0000],  sp=0x00000000166abbc8,  free space=1006k
Native frames: (J=compiled Java code, j=interpreted, Vv=VM code, C=native code)
C  0xffffffffa33e5120


---------------  P R O C E S S  ---------------

Java Threads: ( => current thread )
  0x0000000017fbe000 JavaThread "D3D Screen Updater" daemon [_thread_blocked, id=8248, stack(0x00000000192b0000,0x00000000193b0000)]
  0x00000000161c4000 JavaThread "Thread-1" [_thread_blocked, id=10224, stack(0x0000000018770000,0x0000000018870000)]
  0x00000000161aa000 JavaThread "Image Fetcher 0" daemon [_thread_blocked, id=10208, stack(0x0000000017ab0000,0x0000000017bb0000)]
  0x00000000022e0800 JavaThread "DestroyJavaVM" [_thread_blocked, id=7560, stack(0x0000000002180000,0x0000000002280000)]
=>0x0000000016182800 JavaThread "AWT-EventQueue-0" [_thread_in_Java, id=9780, stack(0x00000000165b0000,0x00000000166b0000)]
  0x000000001617d800 JavaThread "AWT-Windows" daemon [_thread_in_native, id=9656, stack(0x00000000163e0000,0x00000000164e0000)]
  0x000000001617a800 JavaThread "AWT-Shutdown" [_thread_blocked, id=9652, stack(0x00000000162e0000,0x00000000163e0000)]
  0x000000001617a000 JavaThread "Java2D Disposer" daemon [_thread_blocked, id=9444, stack(0x00000000161e0000,0x00000000162e0000)]
  0x00000000148ec000 JavaThread "Service Thread" daemon [_thread_blocked, id=9548, stack(0x0000000015aa0000,0x0000000015ba0000)]
  0x0000000014870800 JavaThread "C1 CompilerThread1" daemon [_thread_blocked, id=8128, stack(0x00000000159a0000,0x0000000015aa0000)]
  0x0000000014869800 JavaThread "C2 CompilerThread0" daemon [_thread_blocked, id=9408, stack(0x00000000158a0000,0x00000000159a0000)]
  0x0000000014868800 JavaThread "Attach Listener" daemon [_thread_blocked, id=9776, stack(0x00000000157a0000,0x00000000158a0000)]
  0x0000000014865000 JavaThread "Signal Dispatcher" daemon [_thread_blocked, id=9760, stack(0x00000000156a0000,0x00000000157a0000)]
  0x0000000014858800 JavaThread "Finalizer" daemon [_thread_blocked, id=8848, stack(0x00000000154a0000,0x00000000155a0000)]
  0x00000000023ce000 JavaThread "Reference Handler" daemon [_thread_blocked, id=764, stack(0x00000000153a0000,0x00000000154a0000)]

Other Threads:
  0x0000000014836000 VMThread [stack: 0x00000000152a0000,0x00000000153a0000] [id=4928]
  0x00000000148f0800 WatcherThread [stack: 0x0000000015ce0000,0x0000000015de0000] [id=9672]

VM state:not at safepoint (normal execution)

VM Mutex/Monitor currently owned by a thread: None

Heap:
 PSYoungGen      total 18944K, used 6476K [0x00000000eab00000, 0x00000000ec000000, 0x0000000100000000)
  eden space 16384K, 39% used [0x00000000eab00000,0x00000000eb153020,0x00000000ebb00000)
  from space 2560K, 0% used [0x00000000ebd80000,0x00000000ebd80000,0x00000000ec000000)
  to   space 2560K, 0% used [0x00000000ebb00000,0x00000000ebb00000,0x00000000ebd80000)
 ParOldGen       total 44032K, used 0K [0x00000000c0000000, 0x00000000c2b00000, 0x00000000eab00000)
  object space 44032K, 0% used [0x00000000c0000000,0x00000000c0000000,0x00000000c2b00000)
 Metaspace       used 10039K, capacity 10204K, committed 10368K, reserved 1058816K
  class space    used 1285K, capacity 1350K, committed 1408K, reserved 1048576K

Card table byte_map: [0x00000000117a0000,0x00000000119b0000] byte_map_base: 0x00000000111a0000

Marking Bits: (ParMarkBitMap*) 0x000000006e56a6c0
 Begin Bits: [0x0000000011d10000, 0x0000000012d10000)
 End Bits:   [0x0000000012d10000, 0x0000000013d10000)

Polling page: 0x0000000000550000

CodeCache: size=245760Kb used=2044Kb max_used=2044Kb free=243715Kb
 bounds [0x00000000023e0000, 0x0000000002650000, 0x00000000113e0000]
 total_blobs=888 nmethods=418 adapters=385
 compilation: enabled

Compilation events (10 events):
Event: 0.795 Thread 0x0000000014870800  409       3       java.nio.ByteBufferAsShortBufferB::ix (9 bytes)
Event: 0.795 Thread 0x0000000014870800 nmethod 409 0x00000000025db610 code [0x00000000025db760, 0x00000000025db8b0]
Event: 0.795 Thread 0x0000000014870800  411       3       java.io.WinNTFileSystem::prefixLength (91 bytes)
Event: 0.796 Thread 0x0000000014870800 nmethod 411 0x00000000025dc510 code [0x00000000025dc700, 0x00000000025dd288]
Event: 0.797 Thread 0x0000000014870800  412       1       java.nio.Buffer::limit (5 bytes)
Event: 0.797 Thread 0x0000000014870800 nmethod 412 0x00000000025dd710 code [0x00000000025dd860, 0x00000000025dd970]
Event: 0.798 Thread 0x0000000014870800  413       3       java.nio.Buffer::position (43 bytes)
Event: 0.798 Thread 0x0000000014870800 nmethod 413 0x00000000025dd9d0 code [0x00000000025ddb40, 0x00000000025dde08]
Event: 0.798 Thread 0x0000000014870800  414       1       java.nio.HeapByteBuffer::_get (7 bytes)
Event: 0.799 Thread 0x0000000014870800 nmethod 414 0x00000000025dded0 code [0x00000000025de020, 0x00000000025de150]

GC Heap History (0 events):
No events

Deoptimization events (0 events):
No events

Internal exceptions (10 events):
Event: 0.184 Thread 0x00000000022e0800 Exception <a 'java/lang/NoSuchMethodError': Method sun.misc.Unsafe.prefetchRead(Ljava/lang/Object;J)V name or signature does not match> (0x00000000eab07f60) thrown at [C:\re\workspace\8-2-build-windows-amd64-cygwin\jdk8u111\7883\hotspot\src\share\vm\prims
Event: 0.244 Thread 0x00000000022e0800 Exception <a 'java/io/FileNotFoundException'> (0x00000000eab59968) thrown at [C:\re\workspace\8-2-build-windows-amd64-cygwin\jdk8u111\7883\hotspot\src\share\vm\prims\jni.cpp, line 709]
Event: 0.283 Thread 0x00000000022e0800 Exception <a 'java/security/PrivilegedActionException'> (0x00000000eab86730) thrown at [C:\re\workspace\8-2-build-windows-amd64-cygwin\jdk8u111\7883\hotspot\src\share\vm\prims\jvm.cpp, line 1386]
Event: 0.283 Thread 0x00000000022e0800 Exception <a 'java/security/PrivilegedActionException'> (0x00000000eab86940) thrown at [C:\re\workspace\8-2-build-windows-amd64-cygwin\jdk8u111\7883\hotspot\src\share\vm\prims\jvm.cpp, line 1386]
Event: 0.287 Thread 0x00000000022e0800 Exception <a 'java/security/PrivilegedActionException'> (0x00000000eab8a588) thrown at [C:\re\workspace\8-2-build-windows-amd64-cygwin\jdk8u111\7883\hotspot\src\share\vm\prims\jvm.cpp, line 1386]
Event: 0.287 Thread 0x00000000022e0800 Exception <a 'java/security/PrivilegedActionException'> (0x00000000eab8a798) thrown at [C:\re\workspace\8-2-build-windows-amd64-cygwin\jdk8u111\7883\hotspot\src\share\vm\prims\jvm.cpp, line 1386]
Event: 0.300 Thread 0x00000000022e0800 Exception <a 'java/io/FileNotFoundException'> (0x00000000eab9d6f8) thrown at [C:\re\workspace\8-2-build-windows-amd64-cygwin\jdk8u111\7883\hotspot\src\share\vm\prims\jni.cpp, line 709]
Event: 0.356 Thread 0x00000000022e0800 Exception <a 'java/lang/NoSuchFieldError': method resolution failed> (0x00000000eacbda48) thrown at [C:\re\workspace\8-2-build-windows-amd64-cygwin\jdk8u111\7883\hotspot\src\share\vm\prims\methodHandles.cpp, line 1146]
Event: 0.366 Thread 0x00000000022e0800 Exception <a 'java/lang/NoSuchFieldError': method resolution failed> (0x00000000eaccae18) thrown at [C:\re\workspace\8-2-build-windows-amd64-cygwin\jdk8u111\7883\hotspot\src\share\vm\prims\methodHandles.cpp, line 1146]
Event: 0.440 Thread 0x0000000016182800 Exception <a 'java/io/FileNotFoundException'> (0x00000000eadeefb8) thrown at [C:\re\workspace\8-2-build-windows-amd64-cygwin\jdk8u111\7883\hotspot\src\share\vm\prims\jni.cpp, line 709]

Events (10 events):
Event: 0.797 loading class sun/font/TrueTypeGlyphMapper
Event: 0.797 loading class sun/font/TrueTypeGlyphMapper done
Event: 0.798 loading class sun/font/CMap
Event: 0.798 loading class sun/font/CMap done
Event: 0.798 loading class sun/font/CMap$NullCMapClass
Event: 0.798 loading class sun/font/CMap$NullCMapClass done
Event: 0.798 loading class sun/font/CMap$CMapFormat4
Event: 0.798 loading class sun/font/CMap$CMapFormat4 done
Event: 0.798 loading class java/nio/ByteBufferAsCharBufferB
Event: 0.798 loading class java/nio/ByteBufferAsCharBufferB done


Dynamic libraries:
0x00007ff7dd3c0000 - 0x00007ff7dd3f7000 	C:\Program Files\Java\jre1.8.0_111\bin\javaw.exe
0x00007ffab9520000 - 0x00007ffab96f1000 	C:\Windows\SYSTEM32\ntdll.dll
0x00007ffab7350000 - 0x00007ffab73fb000 	C:\Windows\System32\KERNEL32.DLL
0x00007ffab6480000 - 0x00007ffab669d000 	C:\Windows\System32\KERNELBASE.dll
0x00007ffab76b0000 - 0x00007ffab7752000 	C:\Windows\System32\ADVAPI32.dll
0x00007ffab74a0000 - 0x00007ffab753e000 	C:\Windows\System32\msvcrt.dll
0x00007ffab6bf0000 - 0x00007ffab6c49000 	C:\Windows\System32\sechost.dll
0x00007ffab8f40000 - 0x00007ffab9061000 	C:\Windows\System32\RPCRT4.dll
0x00007ffab7540000 - 0x00007ffab76a5000 	C:\Windows\System32\USER32.dll
0x00007ffab66a0000 - 0x00007ffab66be000 	C:\Windows\System32\win32u.dll
0x00007ffab7400000 - 0x00007ffab7434000 	C:\Windows\System32\GDI32.dll
0x00007ffab6920000 - 0x00007ffab6aa2000 	C:\Windows\System32\gdi32full.dll
0x00007ffaaff10000 - 0x00007ffab0189000 	C:\Windows\WinSxS\amd64_microsoft.windows.common-controls_6595b64144ccf1df_6.0.14393.0_none_2d0f50fcbdb171b8\COMCTL32.dll
0x00007ffab9090000 - 0x00007ffab9357000 	C:\Windows\System32\combase.dll
0x00007ffab6820000 - 0x00007ffab6915000 	C:\Windows\System32\ucrtbase.dll
0x00007ffab5d30000 - 0x00007ffab5d9a000 	C:\Windows\System32\bcryptPrimitives.dll
0x00007ffab70e0000 - 0x00007ffab710e000 	C:\Windows\System32\IMM32.DLL
0x000000006dad0000 - 0x000000006dba2000 	C:\Program Files\Java\jre1.8.0_111\bin\msvcr100.dll
0x000000006dd50000 - 0x000000006e5ea000 	C:\Program Files\Java\jre1.8.0_111\bin\server\jvm.dll
0x00007ffab9070000 - 0x00007ffab9078000 	C:\Windows\System32\PSAPI.DLL
0x00007ffaa4390000 - 0x00007ffaa4399000 	C:\Windows\SYSTEM32\WSOCK32.dll
0x00007ffab7110000 - 0x00007ffab717a000 	C:\Windows\System32\WS2_32.dll
0x00007ffab3ee0000 - 0x00007ffab3f03000 	C:\Windows\SYSTEM32\WINMM.dll
0x00007ffab1290000 - 0x00007ffab129a000 	C:\Windows\SYSTEM32\VERSION.dll
0x00007ffab3e80000 - 0x00007ffab3eab000 	C:\Windows\SYSTEM32\WINMMBASE.dll
0x00007ffab6770000 - 0x00007ffab67b2000 	C:\Windows\System32\cfgmgr32.dll
0x000000006ec50000 - 0x000000006ec5f000 	C:\Program Files\Java\jre1.8.0_111\bin\verify.dll
0x000000006dc40000 - 0x000000006dc69000 	C:\Program Files\Java\jre1.8.0_111\bin\java.dll
0x000000006dc20000 - 0x000000006dc36000 	C:\Program Files\Java\jre1.8.0_111\bin\zip.dll
0x00007ffab7870000 - 0x00007ffab8d78000 	C:\Windows\System32\SHELL32.dll
0x00007ffab5da0000 - 0x00007ffab647a000 	C:\Windows\System32\windows.storage.dll
0x00007ffab5a30000 - 0x00007ffab5a7c000 	C:\Windows\System32\powrprof.dll
0x00007ffab7080000 - 0x00007ffab70d2000 	C:\Windows\System32\shlwapi.dll
0x00007ffab5a80000 - 0x00007ffab5a8f000 	C:\Windows\System32\kernel.appcore.dll
0x00007ffab66c0000 - 0x00007ffab6769000 	C:\Windows\System32\shcore.dll
0x00007ffab5a90000 - 0x00007ffab5aa4000 	C:\Windows\System32\profapi.dll
0x000000006d930000 - 0x000000006dac8000 	C:\Program Files\Java\jre1.8.0_111\bin\awt.dll
0x00007ffab7290000 - 0x00007ffab734c000 	C:\Windows\System32\OLEAUT32.dll
0x00007ffab3fd0000 - 0x00007ffab404a000 	C:\Windows\SYSTEM32\apphelp.dll
0x00007ffab4170000 - 0x00007ffab4205000 	C:\Windows\system32\uxtheme.dll
0x00007ffab93c0000 - 0x00007ffab951b000 	C:\Windows\System32\MSCTF.dll
0x00007ffab3e20000 - 0x00007ffab3e46000 	C:\Windows\system32\dwmapi.dll
0x00007ffab6ab0000 - 0x00007ffab6be7000 	C:\Windows\System32\ole32.dll
0x00007ffaa84d0000 - 0x00007ffaa865d000 	C:\Windows\system32\d3d9.dll
0x00007ffa7ea80000 - 0x00007ffa7fb36000 	C:\Windows\SYSTEM32\nvd3dumx.dll
0x00007ffab0c50000 - 0x00007ffab0dbc000 	C:\Program Files (x86)\NVIDIA Corporation\3D Vision\nvSCPAPI64.dll
0x00007ffab6c50000 - 0x00007ffab7079000 	C:\Windows\System32\SETUPAPI.dll
0x000000006d8f0000 - 0x000000006d921000 	C:\Program Files\Java\jre1.8.0_111\bin\jpeg.dll
0x000000006d8a0000 - 0x000000006d8e7000 	C:\Program Files\Java\jre1.8.0_111\bin\fontmanager.dll
0x00007ffab77d0000 - 0x00007ffab786f000 	C:\Windows\System32\clbcatq.dll
0x00007ffab34d0000 - 0x00007ffab3678000 	C:\Windows\SYSTEM32\WindowsCodecs.dll
0x00007ffa9eb90000 - 0x00007ffa9ebd9000 	C:\Windows\system32\dataexchange.dll
0x00007ffab3760000 - 0x00007ffab38b1000 	C:\Windows\system32\dcomp.dll
0x00007ffab27d0000 - 0x00007ffab2a86000 	C:\Windows\system32\d3d11.dll
0x00007ffab49b0000 - 0x00007ffab4a4f000 	C:\Windows\system32\dxgi.dll
0x00007ffab4480000 - 0x00007ffab459c000 	C:\Windows\system32\twinapi.appcore.dll
0x00007ffab5600000 - 0x00007ffab562b000 	C:\Windows\system32\bcrypt.dll
0x000000006dc00000 - 0x000000006dc1a000 	C:\Program Files\Java\jre1.8.0_111\bin\net.dll
0x00007ffab5350000 - 0x00007ffab53ac000 	C:\Windows\system32\mswsock.dll
0x000000006dbe0000 - 0x000000006dbf1000 	C:\Program Files\Java\jre1.8.0_111\bin\nio.dll
0x000000006d850000 - 0x000000006d892000 	C:\Program Files\Java\jre1.8.0_111\bin\t2k.dll
0x00007ffaa86e0000 - 0x00007ffaa8872000 	C:\Windows\SYSTEM32\dbghelp.dll

VM Arguments:
jvm_args: -Dfile.encoding=Cp1252 
java_command: view.LoginView
java_class_path (initial): E:\TADS\WorkSpace\EasyShop\bin;C:\Users\lkvas\Downloads\mysql-connector-java-5.1.8-bin.jar;C:\Users\lkvas\Downloads\lib\jcalendar-1.4.jar
Launcher Type: SUN_STANDARD

Environment Variables:
PATH=C:/Program Files/Java/jre1.8.0_111/bin/server;C:/Program Files/Java/jre1.8.0_111/bin;C:/Program Files/Java/jre1.8.0_111/lib/amd64;C:\ProgramData\Oracle\Java\javapath;C:\Program Files (x86)\NVIDIA Corporation\PhysX\Common;C:\Windows\system32;C:\Windows;C:\Windows\System32\Wbem;C:\Windows\System32\WindowsPowerShell\v1.0\;C:\Program Files\MySQL\MySQL Enterprise Backup 4.0\;C:\Program Files (x86)\MySQL\MySQL Fabric 1.5 & MySQL Utilities 1.5\;C:\Program Files (x86)\MySQL\MySQL Fabric 1.5 & MySQL Utilities 1.5\Doctrine extensions for PHP\;C:\Users\lkvas\AppData\Local\Microsoft\WindowsApps;C:\Users\lkvas\AppData\Local\atom\bin;E:\Programas\eclipse;
USERNAME=lkvas
OS=Windows_NT
PROCESSOR_IDENTIFIER=Intel64 Family 6 Model 23 Stepping 6, GenuineIntel



---------------  S Y S T E M  ---------------

OS: Windows 10.0 , 64 bit Build 14393 (10.0.14393.0)

CPU:total 2 (2 cores per cpu, 1 threads per core) family 6 model 23 stepping 6, cmov, cx8, fxsr, mmx, sse, sse2, sse3, ssse3, sse4.1, tsc

Memory: 4k page, physical 4193520k(1283280k free), swap 9708948k(1763704k free)

vm_info: Java HotSpot(TM) 64-Bit Server VM (25.111-b14) for windows-amd64 JRE (1.8.0_111-b14), built on Sep 22 2016 19:24:05 by "java_re" with MS VC++ 10.0 (VS2010)

time: Tue Dec 13 01:28:51 2016
elapsed time: 0 seconds (0d 0h 0m 0s)

